<?xml version="1.0" encoding="UTF-8"?>
<!-- Generated by org.testng.reporters.JUnitReportReporter -->
<testsuite hostname="DESKTOP-8933E9J" failures="0" tests="1" name="SumValidation" time="0.730" errors="0" timestamp="2020-10-07T05:56:43 MESZ" skipped="0">
  <testcase classname="SumValidation" name="sumOfCourses" time="0.730"/>
</testsuite> <!-- SumValidation -->
