<?xml version="1.0" encoding="UTF-8"?>
<!-- Generated by org.testng.reporters.JUnitReportReporter -->
<testsuite hostname="DESKTOP-8933E9J" failures="0" tests="1" name="TestFramework.DynamicJson" time="1.700" errors="0" timestamp="2020-02-23T19:06:28 CET" skipped="0">
  <testcase classname="TestFramework.DynamicJson" name="addBook" time="1.700"/>
</testsuite> <!-- TestFramework.DynamicJson -->
