<?xml version="1.0" encoding="UTF-8"?>
<!-- Generated by org.testng.reporters.JUnitReportReporter -->
<testsuite hostname="DESKTOP-8933E9J" failures="0" tests="1" name="TestFramework.excelDriven" time="4.187" errors="0" timestamp="2020-02-23T18:06:48 CET" skipped="0">
  <testcase classname="TestFramework.excelDriven" name="addBook" time="4.187"/>
</testsuite> <!-- TestFramework.excelDriven -->
