<?xml version="1.0" encoding="UTF-8"?>
<!-- Generated by org.testng.reporters.JUnitReportReporter -->
<testsuite hostname="DESKTOP-8933E9J" failures="0" tests="1" name="files.DynamicJson" time="1.493" errors="0" timestamp="2020-10-07T12:49:43 MESZ" skipped="0">
  <testcase classname="files.DynamicJson" name="addBook" time="1.493"/>
</testsuite> <!-- files.DynamicJson -->
